1.360963
1.414696
1.613522
2.164884
4.799430
5.223168
1.201569
0.557470
0.383824
0.400291
0.501015
0.666165
0.954626
1.656781
7.566678
2.416338
0.895203
0.459948
0.235160
0.084961
0.066412
0.187889
0.331212
0.508971
0.738032
1.016663
1.274176
1.385502
1.344963
1.253095
1.173565
1.124528
1.108249
1.124528
1.173565
1.253095
1.344962
1.385502
1.274176
1.016663
0.738032
0.508971
0.331212
0.187889
0.066412
0.084961
0.235160
0.459948
0.895203
2.416338
7.566678
1.656781
0.954626
0.666166
0.501015
0.400291
0.383824
0.557470
1.201569
5.223169
4.799429
2.164884
1.613522
1.414695
